[0.000000] (-) TimerEvent: {}
[0.000506] (-) JobUnselected: {'identifier': 'imu_publisher'}
[0.000657] (joy_subscriber) JobQueued: {'identifier': 'joy_subscriber', 'dependencies': OrderedDict()}
[0.000969] (joy_subscriber) JobStarted: {'identifier': 'joy_subscriber'}
[0.099596] (-) TimerEvent: {}
[0.201013] (-) TimerEvent: {}
[0.302317] (-) TimerEvent: {}
[0.404626] (-) TimerEvent: {}
[0.479222] (joy_subscriber) StderrLine: {'line': b'Traceback (most recent call last):\n  File "/usr/lib/python3/dist-packages/colcon_parallel_executor/executor/parallel.py", line 67, in execute\n    loop.run_until_complete(future)\n  File "/usr/lib/python3.8/asyncio/base_events.py", line 603, in run_until_complete\n    self.run_forever()\n  File "/usr/lib/python3.8/asyncio/base_events.py", line 570, in run_forever\n    self._run_once()\n  File "/usr/lib/python3.8/asyncio/base_events.py", line 1823, in _run_once\n    event_list = self._selector.select(timeout)\n  File "/usr/lib/python3.8/selectors.py", line 468, in select\n    fd_event_list = self._selector.poll(timeout, max_ev)\nKeyboardInterrupt\n\nDuring handling of the above exception, another exception occurred:\n\nTraceback (most recent call last):\n  File "/usr/lib/python3/dist-packages/colcon_core/executor/__init__.py", line 91, in __call__\n    rc = await self.task(*args, **kwargs)\n  File "/usr/lib/python3/dist-packages/colcon_core/task/__init__.py", line 93, in __call__\n    return await task_method(*args, **kwargs)\n  File "/usr/lib/python3/dist-packages/colcon_ros/task/ament_python/build.py", line 105, in build\n    return await extension.build(additional_hooks=additional_hooks)\n  File "/usr/lib/python3/dist-packages/colcon_core/task/python/build.py", line 81, in build\n    available_commands = await self._get_available_commands(\n  File "/usr/lib/python3/dist-packages/colcon_core/task/python/build.py", line 171, in _get_available_commands\n    output = await check_output(\n  File "/usr/lib/python3/dist-packages/colcon_core/subprocess.py", line 128, in check_output\n    assert not rc, f\'Expected {args} to pass: {stderr_data}\'\nAssertionError: Expected [\'/usr/bin/python3\', \'setup.py\', \'--help-commands\'] to pass: Traceback (most recent call last):\n  File "setup.py", line 1, in <module>\n    from setuptools import setup\n  File "/usr/lib/python3/dist-packages/setuptools/__init__.py", line 5, in <module>\n    import distutils.core\n  File "/usr/lib/python3.8/distutils/core.py", line 18, in <module>\n    from distutils.config import PyPIRCCommand\n  File "/usr/lib/python3.8/distutils/config.py", line 7, in <module>\n    from configparser import RawConfigParser\n  File "/usr/lib/python3.8/configparser.py", line 560, in <module>\n    class RawConfigParser(MutableMapping):\n  File "/usr/lib/python3.8/configparser.py", line 591, in RawConfigParser\n    OPTCRE = re.compile(_OPT_TMPL.format(delim="=|:"), re.VERBOSE)\n  File "/usr/lib/python3.8/re.py", line 252, in compile\n    return _compile(pattern, flags)\n  File "/usr/lib/python3.8/re.py", line 304, in _compile\n    p = sre_compile.compile(pattern, flags)\n  File "/usr/lib/python3.8/sre_compile.py", line 764, in compile\n    p = sre_parse.parse(p, flags)\n  File "/usr/lib/python3.8/sre_parse.py", line 948, in parse\n    p = _parse_sub(source, state, flags & SRE_FLAG_VERBOSE, 0)\n  File "/usr/lib/python3.8/sre_parse.py", line 443, in _parse_sub\n    itemsappend(_parse(source, state, verbose, nested + 1,\n  File "/usr/lib/python3.8/sre_parse.py", line 515, in _parse\n    if this in WHITESPACE:\nKeyboardInterrupt\n\n'}
[0.480890] (joy_subscriber) JobEnded: {'identifier': 'joy_subscriber', 'rc': 'SIGINT'}
[0.490297] (-) EventReactorShutdown: {}
